#
# A fatal error has been detected by the Java Runtime Environment:
#
#  EXCEPTION_ACCESS_VIOLATION (0xc0000005) at pc=0x0000000059316ee8, pid=19564, tid=0x000000000000518c
#
# JRE version: Java(TM) SE Runtime Environment (8.0_171-b11) (build 1.8.0_171-b11)
# Java VM: Java HotSpot(TM) 64-Bit Server VM (25.171-b11 mixed mode windows-amd64 compressed oops)
# Problematic frame:
# V  [jvm.dll+0xf6ee8]
#
# Failed to write core dump. Minidumps are not enabled by default on client versions of Windows
#
# If you would like to submit a bug report, please visit:
#   http://bugreport.java.com/bugreport/crash.jsp
#

---------------  T H R E A D  ---------------

Current thread (0x0000000015b07000):  VMThread [stack: 0x0000000016b90000,0x0000000016c90000] [id=20876]

siginfo: ExceptionCode=0xc0000005, reading address 0x0000000001467b10

Registers:
RAX=0x000000000000bd10, RBX=0x000000000000000f, RCX=0x0000000001409240, RDX=0x0000000001409fc8
RSP=0x0000000016c8f2f0, RBP=0x0000000016c8f420, RSI=0x000000000000ffff, RDI=0x0000000001409240
R8 =0x000000000348ba50, R9 =0x0000000000000003, R10=0x0000000000000003, R11=0x00000000014095b9
R12=0x0000000016c8f4b0, R13=0x0000000016c8f4a0, R14=0x0000000000000000, R15=0x0000000000000000
RIP=0x0000000059316ee8, EFLAGS=0x0000000000010202

Top of Stack: (sp=0x0000000016c8f2f0)
0x0000000016c8f2f0:   00000000000000b7 0000000016c8f420
0x0000000016c8f300:   00000000000000b7 000000005943e112
0x0000000016c8f310:   0000000000000000 00000000593f5050
0x0000000016c8f320:   00000000000000b7 00000000000000b7
0x0000000016c8f330:   0000000003473bf0 0000000059437b75
0x0000000016c8f340:   0000000003473bf0 0000000018990080
0x0000000016c8f350:   0000000003d495c0 0000000003d493c0
0x0000000016c8f360:   0000000000000000 000000005951f42e
0x0000000016c8f370:   0000000003d495bf 0000000059ae000a
0x0000000016c8f380:   00000000035b6190 0000000015010000
0x0000000016c8f390:   0000000018994670 00000000592b0fb0
0x0000000016c8f3a0:   00001f6241002505 00000000035b61a0
0x0000000016c8f3b0:   0000000000018360 0000000018994670
0x0000000016c8f3c0:   00000000035b61a0 00000000592b16b4
0x0000000016c8f3d0:   0000000003d4730d 00000000592bf1de
0x0000000016c8f3e0:   0000000018998068 0000000016c8f4e0 

Instructions: (pc=0x0000000059316ee8)
0x0000000059316ec8:   48 8b 57 10 48 85 d2 74 0f 48 8b c3 48 c1 e0 05
0x0000000059316ed8:   48 8b 44 10 10 0f b7 d8 48 63 c3 0f b7 44 c7 50
0x0000000059316ee8:   48 8b 44 c7 50 48 89 44 24 30 f6 d0 48 8b 4c 24
0x0000000059316ef8:   30 a8 01 74 0f 48 8b 41 10 48 8b 5c 24 38 48 83 


Register to memory mapping:

RAX=0x000000000000bd10 is an unknown value
RBX=0x000000000000000f is an unknown value
RCX=0x0000000001409240 is pointing into metadata
RDX=0x0000000001409fc8 is pointing into metadata
RSP=0x0000000016c8f2f0 is an unknown value
RBP=0x0000000016c8f420 is an unknown value
RSI=0x000000000000ffff is an unknown value
RDI=0x0000000001409240 is pointing into metadata
R8 =0x000000000348ba50 is an unknown value
R9 =0x0000000000000003 is an unknown value
R10=0x0000000000000003 is an unknown value
R11=0x00000000014095b9 is pointing into metadata
R12=0x0000000016c8f4b0 is an unknown value
R13=0x0000000016c8f4a0 is an unknown value
R14=0x0000000000000000 is an unknown value
R15=0x0000000000000000 is an unknown value


Stack: [0x0000000016b90000,0x0000000016c90000],  sp=0x0000000016c8f2f0,  free space=1020k
Native frames: (J=compiled Java code, j=interpreted, Vv=VM code, C=native code)
V  [jvm.dll+0xf6ee8]
V  [jvm.dll+0x1d5050]
V  [jvm.dll+0x1d5fa2]
V  [jvm.dll+0x1c3726]
V  [jvm.dll+0x1c8af9]
V  [jvm.dll+0x1c906b]
V  [jvm.dll+0x24c9b7]
V  [jvm.dll+0x24bc56]
V  [jvm.dll+0x24c0f1]
V  [jvm.dll+0x24c30e]
V  [jvm.dll+0x29d40a]
C  [msvcr100.dll+0x21d9f]
C  [msvcr100.dll+0x21e3b]
C  [KERNEL32.DLL+0x17034]
C  [ntdll.dll+0x52651]

VM_Operation (0x000000001758f020): RedefineClasses, mode: safepoint, requested by thread 0x0000000016e9d800, redefining class com.tasks.demo.ApiController



---------------  P R O C E S S  ---------------

Java Threads: ( => current thread )
  0x000000001c2dc000 JavaThread "DestroyJavaVM" [_thread_blocked, id=22704, stack(0x0000000002da0000,0x0000000002ea0000)]
  0x000000001c2db800 JavaThread "http-nio-8090-Acceptor" daemon [_thread_in_native, id=4740, stack(0x000000001e130000,0x000000001e230000)]
  0x0000000019818800 JavaThread "http-nio-8090-ClientPoller" daemon [_thread_blocked, id=11548, stack(0x000000001e030000,0x000000001e130000)]
  0x0000000019818000 JavaThread "http-nio-8090-exec-10" daemon [_thread_blocked, id=17620, stack(0x000000001df30000,0x000000001e030000)]
  0x0000000019817000 JavaThread "http-nio-8090-exec-9" daemon [_thread_blocked, id=20396, stack(0x000000001de30000,0x000000001df30000)]
  0x0000000019815800 JavaThread "http-nio-8090-exec-8" daemon [_thread_blocked, id=11600, stack(0x000000001dd30000,0x000000001de30000)]
  0x0000000019815000 JavaThread "http-nio-8090-exec-7" daemon [_thread_blocked, id=12928, stack(0x000000001dc30000,0x000000001dd30000)]
  0x0000000019814000 JavaThread "http-nio-8090-exec-6" daemon [_thread_blocked, id=21896, stack(0x000000001db30000,0x000000001dc30000)]
  0x000000001981a000 JavaThread "http-nio-8090-exec-5" daemon [_thread_blocked, id=17736, stack(0x000000001da30000,0x000000001db30000)]
  0x0000000019813800 JavaThread "http-nio-8090-exec-4" daemon [_thread_blocked, id=8668, stack(0x000000001d930000,0x000000001da30000)]
  0x0000000019816800 JavaThread "http-nio-8090-exec-3" daemon [_thread_blocked, id=18296, stack(0x000000001d830000,0x000000001d930000)]
  0x0000000019819800 JavaThread "http-nio-8090-exec-2" daemon [_thread_blocked, id=14808, stack(0x000000001d730000,0x000000001d830000)]
  0x0000000017f30000 JavaThread "http-nio-8090-exec-1" daemon [_thread_blocked, id=9984, stack(0x000000001d530000,0x000000001d630000)]
  0x000000001c01a800 JavaThread "http-nio-8090-BlockPoller" daemon [_thread_blocked, id=1964, stack(0x000000001d430000,0x000000001d530000)]
  0x000000001819f800 JavaThread "container-0" [_thread_blocked, id=11864, stack(0x000000001b160000,0x000000001b260000)]
  0x000000001819c000 JavaThread "Catalina-utility-2" [_thread_blocked, id=11860, stack(0x000000001af60000,0x000000001b060000)]
  0x0000000018192800 JavaThread "Catalina-utility-1" [_thread_blocked, id=19840, stack(0x000000001ae60000,0x000000001af60000)]
  0x0000000017cdf800 JavaThread "HikariPool-1 housekeeper" daemon [_thread_blocked, id=2836, stack(0x0000000019d60000,0x0000000019e60000)]
  0x0000000017ddf000 JavaThread "RMI TCP Accept-0" daemon [_thread_in_native, id=8276, stack(0x0000000018590000,0x0000000018690000)]
  0x0000000017db9800 JavaThread "RMI TCP Accept-52521" daemon [_thread_in_native, id=20432, stack(0x0000000018490000,0x0000000018590000)]
  0x0000000017d6a800 JavaThread "RMI TCP Accept-0" daemon [_thread_in_native, id=21948, stack(0x0000000018390000,0x0000000018490000)]
  0x0000000017b08800 JavaThread "Service Thread" daemon [_thread_blocked, id=1156, stack(0x0000000018290000,0x0000000018390000)]
  0x0000000017251000 JavaThread "C1 CompilerThread2" daemon [_thread_blocked, id=20736, stack(0x0000000017990000,0x0000000017a90000)]
  0x0000000017279800 JavaThread "C2 CompilerThread1" daemon [_thread_blocked, id=16164, stack(0x0000000017890000,0x0000000017990000)]
  0x0000000017278800 JavaThread "C2 CompilerThread0" daemon [_thread_blocked, id=4100, stack(0x0000000017790000,0x0000000017890000)]
  0x0000000016eaa000 JavaThread "JDWP Command Reader" daemon [_thread_in_native, id=20012, stack(0x0000000017690000,0x0000000017790000)]
  0x0000000016ea9000 JavaThread "JDWP Event Helper Thread" daemon [_thread_blocked, id=21092, stack(0x0000000017590000,0x0000000017690000)]
  0x0000000016e9d800 JavaThread "JDWP Transport Listener: dt_socket" daemon [_thread_blocked, id=15992, stack(0x0000000017490000,0x0000000017590000)]
  0x0000000016e91800 JavaThread "Attach Listener" daemon [_thread_blocked, id=7004, stack(0x0000000017390000,0x0000000017490000)]
  0x0000000015b9e800 JavaThread "Signal Dispatcher" daemon [_thread_blocked, id=11868, stack(0x0000000017290000,0x0000000017390000)]
  0x0000000015b30000 JavaThread "Finalizer" daemon [_thread_blocked, id=20564, stack(0x0000000016d90000,0x0000000016e90000)]
  0x0000000003565000 JavaThread "Reference Handler" daemon [_thread_blocked, id=2772, stack(0x0000000016c90000,0x0000000016d90000)]

Other Threads:
=>0x0000000015b07000 VMThread [stack: 0x0000000016b90000,0x0000000016c90000] [id=20876]
  0x0000000017de6000 WatcherThread [stack: 0x0000000018690000,0x0000000018790000] [id=14836]

VM state:at safepoint (normal execution)

VM Mutex/Monitor currently owned by a thread:  ([mutex/lock_event])
[0x0000000003473770] Threads_lock - owner thread: 0x0000000015b07000

Heap:
 PSYoungGen      total 221696K, used 80694K [0x00000000eb400000, 0x00000000fc380000, 0x0000000100000000)
  eden space 210432K, 33% used [0x00000000eb400000,0x00000000ef7d5900,0x00000000f8180000)
  from space 11264K, 99% used [0x00000000f8180000,0x00000000f8c78128,0x00000000f8c80000)
  to   space 13824K, 0% used [0x00000000fb600000,0x00000000fb600000,0x00000000fc380000)
 ParOldGen       total 49664K, used 16302K [0x00000000c1c00000, 0x00000000c4c80000, 0x00000000eb400000)
  object space 49664K, 32% used [0x00000000c1c00000,0x00000000c2beb850,0x00000000c4c80000)
 Metaspace       used 55401K, capacity 58652K, committed 58880K, reserved 1099776K
  class space    used 7596K, capacity 8160K, committed 8192K, reserved 1048576K

Card table byte_map: [0x0000000012930000,0x0000000012b30000] byte_map_base: 0x0000000012322000

Marking Bits: (ParMarkBitMap*) 0x0000000059a408c0
 Begin Bits: [0x0000000013080000, 0x0000000014010000)
 End Bits:   [0x0000000014010000, 0x0000000014fa0000)

Polling page: 0x00000000010b0000

CodeCache: size=245760Kb used=8033Kb max_used=8033Kb free=237726Kb
 bounds [0x0000000003570000, 0x0000000003d50000, 0x0000000012570000]
 total_blobs=4560 nmethods=3996 adapters=484
 compilation: enabled

Compilation events (10 events):
Event: 639.389 Thread 0x0000000017251000 4047       1       com.zaxxer.hikari.pool.PoolEntry::getState (8 bytes)
Event: 639.390 Thread 0x0000000017251000 nmethod 4047 0x0000000003d484d0 code [0x0000000003d48640, 0x0000000003d487c8]
Event: 639.390 Thread 0x0000000017251000 4048       1       java.util.concurrent.atomic.AtomicIntegerFieldUpdater$AtomicIntegerFieldUpdaterImpl::get (17 bytes)
Event: 639.390 Thread 0x0000000017251000 nmethod 4048 0x0000000003d48890 code [0x0000000003d48a00, 0x0000000003d48b68]
Event: 649.788 Thread 0x0000000017251000 4049       1       org.apache.catalina.core.StandardWrapper::getServlet (5 bytes)
Event: 649.788 Thread 0x0000000017251000 nmethod 4049 0x0000000003d48c50 code [0x0000000003d48da0, 0x0000000003d48eb0]
Event: 769.981 Thread 0x0000000017251000 4050       1       java.util.TreeMap::navigableKeySet (27 bytes)
Event: 769.983 Thread 0x0000000017251000 nmethod 4050 0x0000000003d48f10 code [0x0000000003d49060, 0x0000000003d491f0]
Event: 810.002 Thread 0x0000000017251000 4051   !   1       org.apache.catalina.core.StandardContext::getLoader (38 bytes)
Event: 810.004 Thread 0x0000000017251000 nmethod 4051 0x0000000003d49290 code [0x0000000003d49440, 0x0000000003d49758]

GC Heap History (10 events):
Event: 9.019 GC heap before
{Heap before GC invocations=11 (full 1):
 PSYoungGen      total 134144K, used 134134K [0x00000000eb400000, 0x00000000f5900000, 0x0000000100000000)
  eden space 128000K, 100% used [0x00000000eb400000,0x00000000f3100000,0x00000000f3100000)
  from space 6144K, 99% used [0x00000000f3100000,0x00000000f36fd898,0x00000000f3700000)
  to   space 8192K, 0% used [0x00000000f5100000,0x00000000f5100000,0x00000000f5900000)
 ParOldGen       total 32768K, used 11304K [0x00000000c1c00000, 0x00000000c3c00000, 0x00000000eb400000)
  object space 32768K, 34% used [0x00000000c1c00000,0x00000000c270a230,0x00000000c3c00000)
 Metaspace       used 32314K, capacity 34304K, committed 34432K, reserved 1079296K
  class space    used 4335K, capacity 4728K, committed 4736K, reserved 1048576K
Event: 9.035 GC heap after
Heap after GC invocations=11 (full 1):
 PSYoungGen      total 158720K, used 8179K [0x00000000eb400000, 0x00000000f7300000, 0x0000000100000000)
  eden space 150528K, 0% used [0x00000000eb400000,0x00000000eb400000,0x00000000f4700000)
  from space 8192K, 99% used [0x00000000f5100000,0x00000000f58fce68,0x00000000f5900000)
  to   space 10240K, 0% used [0x00000000f4700000,0x00000000f4700000,0x00000000f5100000)
 ParOldGen       total 32768K, used 14153K [0x00000000c1c00000, 0x00000000c3c00000, 0x00000000eb400000)
  object space 32768K, 43% used [0x00000000c1c00000,0x00000000c29d25d8,0x00000000c3c00000)
 Metaspace       used 32314K, capacity 34304K, committed 34432K, reserved 1079296K
  class space    used 4335K, capacity 4728K, committed 4736K, reserved 1048576K
}
Event: 9.238 GC heap before
{Heap before GC invocations=12 (full 1):
 PSYoungGen      total 158720K, used 27580K [0x00000000eb400000, 0x00000000f7300000, 0x0000000100000000)
  eden space 150528K, 12% used [0x00000000eb400000,0x00000000ec6f22c0,0x00000000f4700000)
  from space 8192K, 99% used [0x00000000f5100000,0x00000000f58fce68,0x00000000f5900000)
  to   space 10240K, 0% used [0x00000000f4700000,0x00000000f4700000,0x00000000f5100000)
 ParOldGen       total 32768K, used 14153K [0x00000000c1c00000, 0x00000000c3c00000, 0x00000000eb400000)
  object space 32768K, 43% used [0x00000000c1c00000,0x00000000c29d25d8,0x00000000c3c00000)
 Metaspace       used 33418K, capacity 35412K, committed 35496K, reserved 1079296K
  class space    used 4458K, capacity 4836K, committed 4864K, reserved 1048576K
Event: 9.249 GC heap after
Heap after GC invocations=12 (full 1):
 PSYoungGen      total 160768K, used 1179K [0x00000000eb400000, 0x00000000f9900000, 0x0000000100000000)
  eden space 150528K, 0% used [0x00000000eb400000,0x00000000eb400000,0x00000000f4700000)
  from space 10240K, 11% used [0x00000000f4700000,0x00000000f4826fd0,0x00000000f5100000)
  to   space 10240K, 0% used [0x00000000f8f00000,0x00000000f8f00000,0x00000000f9900000)
 ParOldGen       total 32768K, used 20429K [0x00000000c1c00000, 0x00000000c3c00000, 0x00000000eb400000)
  object space 32768K, 62% used [0x00000000c1c00000,0x00000000c2ff3418,0x00000000c3c00000)
 Metaspace       used 33418K, capacity 35412K, committed 35496K, reserved 1079296K
  class space    used 4458K, capacity 4836K, committed 4864K, reserved 1048576K
}
Event: 9.249 GC heap before
{Heap before GC invocations=13 (full 2):
 PSYoungGen      total 160768K, used 1179K [0x00000000eb400000, 0x00000000f9900000, 0x0000000100000000)
  eden space 150528K, 0% used [0x00000000eb400000,0x00000000eb400000,0x00000000f4700000)
  from space 10240K, 11% used [0x00000000f4700000,0x00000000f4826fd0,0x00000000f5100000)
  to   space 10240K, 0% used [0x00000000f8f00000,0x00000000f8f00000,0x00000000f9900000)
 ParOldGen       total 32768K, used 20429K [0x00000000c1c00000, 0x00000000c3c00000, 0x00000000eb400000)
  object space 32768K, 62% used [0x00000000c1c00000,0x00000000c2ff3418,0x00000000c3c00000)
 Metaspace       used 33418K, capacity 35412K, committed 35496K, reserved 1079296K
  class space    used 4458K, capacity 4836K, committed 4864K, reserved 1048576K
Event: 9.359 GC heap after
Heap after GC invocations=13 (full 2):
 PSYoungGen      total 160768K, used 0K [0x00000000eb400000, 0x00000000f9900000, 0x0000000100000000)
  eden space 150528K, 0% used [0x00000000eb400000,0x00000000eb400000,0x00000000f4700000)
  from space 10240K, 0% used [0x00000000f4700000,0x00000000f4700000,0x00000000f5100000)
  to   space 10240K, 0% used [0x00000000f8f00000,0x00000000f8f00000,0x00000000f9900000)
 ParOldGen       total 49664K, used 12928K [0x00000000c1c00000, 0x00000000c4c80000, 0x00000000eb400000)
  object space 49664K, 26% used [0x00000000c1c00000,0x00000000c28a03d0,0x00000000c4c80000)
 Metaspace       used 33418K, capacity 35412K, committed 35496K, reserved 1079296K
  class space    used 4458K, capacity 4836K, committed 4864K, reserved 1048576K
}
Event: 11.149 GC heap before
{Heap before GC invocations=14 (full 2):
 PSYoungGen      total 160768K, used 150528K [0x00000000eb400000, 0x00000000f9900000, 0x0000000100000000)
  eden space 150528K, 100% used [0x00000000eb400000,0x00000000f4700000,0x00000000f4700000)
  from space 10240K, 0% used [0x00000000f4700000,0x00000000f4700000,0x00000000f5100000)
  to   space 10240K, 0% used [0x00000000f8f00000,0x00000000f8f00000,0x00000000f9900000)
 ParOldGen       total 49664K, used 12928K [0x00000000c1c00000, 0x00000000c4c80000, 0x00000000eb400000)
  object space 49664K, 26% used [0x00000000c1c00000,0x00000000c28a03d0,0x00000000c4c80000)
 Metaspace       used 41816K, capacity 43926K, committed 44288K, reserved 1087488K
  class space    used 5667K, capacity 6053K, committed 6144K, reserved 1048576K
Event: 11.161 GC heap after
Heap after GC invocations=14 (full 2):
 PSYoungGen      total 205824K, used 8392K [0x00000000eb400000, 0x00000000f9780000, 0x0000000100000000)
  eden space 197120K, 0% used [0x00000000eb400000,0x00000000eb400000,0x00000000f7480000)
  from space 8704K, 96% used [0x00000000f8f00000,0x00000000f97320e8,0x00000000f9780000)
  to   space 11264K, 0% used [0x00000000f8180000,0x00000000f8180000,0x00000000f8c80000)
 ParOldGen       total 49664K, used 12936K [0x00000000c1c00000, 0x00000000c4c80000, 0x00000000eb400000)
  object space 49664K, 26% used [0x00000000c1c00000,0x00000000c28a23d0,0x00000000c4c80000)
 Metaspace       used 41816K, capacity 43926K, committed 44288K, reserved 1087488K
  class space    used 5667K, capacity 6053K, committed 6144K, reserved 1048576K
}
Event: 39.206 GC heap before
{Heap before GC invocations=15 (full 2):
 PSYoungGen      total 205824K, used 205512K [0x00000000eb400000, 0x00000000f9780000, 0x0000000100000000)
  eden space 197120K, 100% used [0x00000000eb400000,0x00000000f7480000,0x00000000f7480000)
  from space 8704K, 96% used [0x00000000f8f00000,0x00000000f97320e8,0x00000000f9780000)
  to   space 11264K, 0% used [0x00000000f8180000,0x00000000f8180000,0x00000000f8c80000)
 ParOldGen       total 49664K, used 12936K [0x00000000c1c00000, 0x00000000c4c80000, 0x00000000eb400000)
  object space 49664K, 26% used [0x00000000c1c00000,0x00000000c28a23d0,0x00000000c4c80000)
 Metaspace       used 51902K, capacity 55010K, committed 55168K, reserved 1097728K
  class space    used 7166K, capacity 7723K, committed 7808K, reserved 1048576K
Event: 39.245 GC heap after
Heap after GC invocations=15 (full 2):
 PSYoungGen      total 221696K, used 11232K [0x00000000eb400000, 0x00000000fc380000, 0x0000000100000000)
  eden space 210432K, 0% used [0x00000000eb400000,0x00000000eb400000,0x00000000f8180000)
  from space 11264K, 99% used [0x00000000f8180000,0x00000000f8c78128,0x00000000f8c80000)
  to   space 13824K, 0% used [0x00000000fb600000,0x00000000fb600000,0x00000000fc380000)
 ParOldGen       total 49664K, used 16302K [0x00000000c1c00000, 0x00000000c4c80000, 0x00000000eb400000)
  object space 49664K, 32% used [0x00000000c1c00000,0x00000000c2beb850,0x00000000c4c80000)
 Metaspace       used 51902K, capacity 55010K, committed 55168K, reserved 1097728K
  class space    used 7166K, capacity 7723K, committed 7808K, reserved 1048576K
}

Deoptimization events (0 events):
No events

Classes redefined (2 events):
Event: 309.393 Thread 0x0000000015b07000 redefined class name=com.tasks.demo.ApiController, count=1
Event: 424.225 Thread 0x0000000015b07000 redefined class name=com.tasks.demo.ApiController, count=2

Internal exceptions (10 events):
Event: 13.112 Thread 0x0000000003476800 Exception <a 'java/lang/ArrayIndexOutOfBoundsException'> (0x00000000f61fcc00) thrown at [C:\re\workspace\8-2-build-windows-amd64-cygwin\jdk8u171\10807\hotspot\src\share\vm\runtime\sharedRuntime.cpp, line 605]
Event: 13.279 Thread 0x0000000003476800 Exception <a 'java/lang/ArrayIndexOutOfBoundsException'> (0x00000000f6ae0170) thrown at [C:\re\workspace\8-2-build-windows-amd64-cygwin\jdk8u171\10807\hotspot\src\share\vm\runtime\sharedRuntime.cpp, line 605]
Event: 13.279 Thread 0x0000000003476800 Exception <a 'java/lang/ArrayIndexOutOfBoundsException'> (0x00000000f6ae2478) thrown at [C:\re\workspace\8-2-build-windows-amd64-cygwin\jdk8u171\10807\hotspot\src\share\vm\runtime\sharedRuntime.cpp, line 605]
Event: 13.282 Thread 0x0000000003476800 Exception <a 'java/lang/ArrayIndexOutOfBoundsException'> (0x00000000f6af6dc0) thrown at [C:\re\workspace\8-2-build-windows-amd64-cygwin\jdk8u171\10807\hotspot\src\share\vm\runtime\sharedRuntime.cpp, line 605]
Event: 81.857 Thread 0x0000000019819800 Exception <a 'java/lang/ClassNotFoundException': java/lang/ObjectCustomizer> (0x00000000edbec710) thrown at [C:\re\workspace\8-2-build-windows-amd64-cygwin\jdk8u171\10807\hotspot\src\share\vm\classfile\systemDictionary.cpp, line 210]
Event: 81.857 Thread 0x0000000019819800 Exception <a 'java/lang/ArrayIndexOutOfBoundsException'> (0x00000000edbefc40) thrown at [C:\re\workspace\8-2-build-windows-amd64-cygwin\jdk8u171\10807\hotspot\src\share\vm\runtime\sharedRuntime.cpp, line 605]
Event: 81.860 Thread 0x0000000019819800 Exception <a 'java/lang/ClassNotFoundException': com/tasks/demo/PaymentsCustomizer> (0x00000000edc01940) thrown at [C:\re\workspace\8-2-build-windows-amd64-cygwin\jdk8u171\10807\hotspot\src\share\vm\classfile\systemDictionary.cpp, line 210]
Event: 82.030 Thread 0x0000000019819800 Exception <a 'java/lang/NoSuchMethodError': java.lang.Object.lambda$mapIfAllPresent$6(Ljava/util/Optional;Ljava/util/function/BiFunction;Ljava/lang/Object;)Ljava/util/Optional;> (0x00000000ee5908a0) thrown at [C:\re\workspace\8-2-build-windows-amd64-cygwi
Event: 82.031 Thread 0x0000000019819800 Exception <a 'java/lang/NoSuchMethodError': java.lang.Object.lambda$null$5(Ljava/util/function/BiFunction;Ljava/lang/Object;Ljava/lang/Object;)Ljava/lang/Object;> (0x00000000ee595530) thrown at [C:\re\workspace\8-2-build-windows-amd64-cygwin\jdk8u171\1080
Event: 82.051 Thread 0x0000000019819800 Exception <a 'java/lang/ArrayIndexOutOfBoundsException'> (0x00000000ee6fc1a8) thrown at [C:\re\workspace\8-2-build-windows-amd64-cygwin\jdk8u171\10807\hotspot\src\share\vm\runtime\sharedRuntime.cpp, line 605]

Events (10 events):
Event: 844.650 Thread 0x0000000016e9d800 DEOPT UNPACKING pc=0x00000000035b7890 sp=0x000000001758d270 mode 1
Event: 844.650 Thread 0x0000000016e9d800 DEOPT PACKING pc=0x000000000376a60c sp=0x000000001758d5c0
Event: 844.651 Thread 0x0000000016e9d800 DEOPT UNPACKING pc=0x00000000035b7890 sp=0x000000001758d438 mode 1
Event: 844.721 Thread 0x0000000016e9d800 DEOPT PACKING pc=0x00000000037f1bd4 sp=0x000000001758d810
Event: 844.771 Thread 0x0000000016e9d800 DEOPT UNPACKING pc=0x00000000035b7890 sp=0x000000001758d708 mode 1
Event: 844.771 Thread 0x0000000016e9d800 DEOPT PACKING pc=0x00000000038377ec sp=0x000000001758db10
Event: 844.781 Thread 0x0000000016e9d800 DEOPT UNPACKING pc=0x00000000035b7890 sp=0x000000001758d830 mode 1
Event: 844.781 Thread 0x0000000016e9d800 DEOPT PACKING pc=0x00000000036a0f44 sp=0x000000001758dbd0
Event: 844.781 Thread 0x0000000016e9d800 DEOPT UNPACKING pc=0x00000000035b7890 sp=0x000000001758d948 mode 1
Event: 845.832 Executing VM operation: RedefineClasses


Dynamic libraries:
0x00007ff79d480000 - 0x00007ff79d4b7000 	C:\Program Files\Java\jre1.8.0_171\bin\javaw.exe
0x00007ffbe3fb0000 - 0x00007ffbe41a5000 	C:\WINDOWS\SYSTEM32\ntdll.dll
0x00007ffbe3bf0000 - 0x00007ffbe3cad000 	C:\WINDOWS\System32\KERNEL32.DLL
0x00007ffbe18c0000 - 0x00007ffbe1b89000 	C:\WINDOWS\System32\KERNELBASE.dll
0x00007ffbe2fe0000 - 0x00007ffbe308c000 	C:\WINDOWS\System32\ADVAPI32.dll
0x00007ffbe3200000 - 0x00007ffbe329e000 	C:\WINDOWS\System32\msvcrt.dll
0x00007ffbe3cb0000 - 0x00007ffbe3d4c000 	C:\WINDOWS\System32\sechost.dll
0x00007ffbe2720000 - 0x00007ffbe284b000 	C:\WINDOWS\System32\RPCRT4.dll
0x00007ffbe2e40000 - 0x00007ffbe2fe0000 	C:\WINDOWS\System32\USER32.dll
0x00007ffbe1d50000 - 0x00007ffbe1d72000 	C:\WINDOWS\System32\win32u.dll
0x00007ffbe2010000 - 0x00007ffbe203a000 	C:\WINDOWS\System32\GDI32.dll
0x00007ffbe1c40000 - 0x00007ffbe1d4b000 	C:\WINDOWS\System32\gdi32full.dll
0x00007ffbe16f0000 - 0x00007ffbe178d000 	C:\WINDOWS\System32\msvcp_win.dll
0x00007ffbe1f10000 - 0x00007ffbe2010000 	C:\WINDOWS\System32\ucrtbase.dll
0x00007ffbd0730000 - 0x00007ffbd09ca000 	C:\WINDOWS\WinSxS\amd64_microsoft.windows.common-controls_6595b64144ccf1df_6.0.19041.844_none_ca00b6081b84eb1d\COMCTL32.dll
0x00007ffbe3120000 - 0x00007ffbe3150000 	C:\WINDOWS\System32\IMM32.DLL
0x0000000059ac0000 - 0x0000000059b92000 	C:\Program Files\Java\jre1.8.0_171\bin\msvcr100.dll
0x0000000059220000 - 0x0000000059ac0000 	C:\Program Files\Java\jre1.8.0_171\bin\server\jvm.dll
0x00007ffbe2850000 - 0x00007ffbe2858000 	C:\WINDOWS\System32\PSAPI.DLL
0x00007ffbd1a60000 - 0x00007ffbd1a87000 	C:\WINDOWS\SYSTEM32\WINMM.dll
0x00007ffbdbf00000 - 0x00007ffbdbf09000 	C:\WINDOWS\SYSTEM32\WSOCK32.dll
0x00007ffbd09e0000 - 0x00007ffbd09ea000 	C:\WINDOWS\SYSTEM32\VERSION.dll
0x00007ffbe3f00000 - 0x00007ffbe3f6b000 	C:\WINDOWS\System32\WS2_32.dll
0x0000000059210000 - 0x000000005921f000 	C:\Program Files\Java\jre1.8.0_171\bin\verify.dll
0x00000000591e0000 - 0x0000000059209000 	C:\Program Files\Java\jre1.8.0_171\bin\java.dll
0x00000000591a0000 - 0x00000000591d5000 	C:\Program Files\Java\jre1.8.0_171\bin\jdwp.dll
0x0000000059190000 - 0x0000000059198000 	C:\Program Files\Java\jre1.8.0_171\bin\npt.dll
0x0000000059160000 - 0x0000000059183000 	C:\Program Files\Java\jre1.8.0_171\bin\instrument.dll
0x0000000059140000 - 0x0000000059156000 	C:\Program Files\Java\jre1.8.0_171\bin\zip.dll
0x00007ffbe3490000 - 0x00007ffbe3bd2000 	C:\WINDOWS\System32\SHELL32.dll
0x00007ffbdf850000 - 0x00007ffbdffe0000 	C:\WINDOWS\SYSTEM32\windows.storage.dll
0x00007ffbe2860000 - 0x00007ffbe2bb5000 	C:\WINDOWS\System32\combase.dll
0x00007ffbe1090000 - 0x00007ffbe10bc000 	C:\WINDOWS\SYSTEM32\Wldp.dll
0x00007ffbe2d30000 - 0x00007ffbe2dde000 	C:\WINDOWS\System32\SHCORE.dll
0x00007ffbe2bc0000 - 0x00007ffbe2c15000 	C:\WINDOWS\System32\shlwapi.dll
0x00007ffbe1630000 - 0x00007ffbe164f000 	C:\WINDOWS\SYSTEM32\profapi.dll
0x0000000059130000 - 0x0000000059139000 	C:\Program Files\Java\jre1.8.0_171\bin\dt_socket.dll
0x00007ffb9b300000 - 0x00007ffb9b317000 	C:\WINDOWS\system32\napinsp.dll
0x00007ffb9b2e0000 - 0x00007ffb9b2fb000 	C:\WINDOWS\system32\pnrpnsp.dll
0x00007ffbdc8e0000 - 0x00007ffbdc8f5000 	C:\WINDOWS\system32\wshbth.dll
0x00007ffbd94b0000 - 0x00007ffbd94cd000 	C:\WINDOWS\system32\NLAapi.dll
0x00007ffbe0b00000 - 0x00007ffbe0b3b000 	C:\WINDOWS\SYSTEM32\IPHLPAPI.DLL
0x00007ffbe0e10000 - 0x00007ffbe0e7a000 	C:\WINDOWS\System32\mswsock.dll
0x00007ffbe0b40000 - 0x00007ffbe0c0b000 	C:\WINDOWS\SYSTEM32\DNSAPI.dll
0x00007ffbe3be0000 - 0x00007ffbe3be8000 	C:\WINDOWS\System32\NSI.dll
0x00007ffb9b320000 - 0x00007ffb9b332000 	C:\WINDOWS\System32\winrnr.dll
0x00007ffbd0260000 - 0x00007ffbd02df000 	C:\WINDOWS\System32\fwpuclnt.dll
0x00007ffbe1ee0000 - 0x00007ffbe1f07000 	C:\WINDOWS\System32\bcrypt.dll
0x00007ffbcfe90000 - 0x00007ffbcfe9a000 	C:\Windows\System32\rasadhlp.dll
0x0000000059120000 - 0x000000005912d000 	C:\Program Files\Java\jre1.8.0_171\bin\management.dll
0x0000000059100000 - 0x000000005911a000 	C:\Program Files\Java\jre1.8.0_171\bin\net.dll
0x00000000590e0000 - 0x00000000590f1000 	C:\Program Files\Java\jre1.8.0_171\bin\nio.dll
0x00007ffbe0fe0000 - 0x00007ffbe0ff8000 	C:\WINDOWS\SYSTEM32\CRYPTSP.dll
0x00007ffbe07b0000 - 0x00007ffbe07e4000 	C:\WINDOWS\system32\rsaenh.dll
0x00007ffbe15f0000 - 0x00007ffbe161e000 	C:\WINDOWS\SYSTEM32\USERENV.dll
0x00007ffbe1840000 - 0x00007ffbe18c0000 	C:\WINDOWS\System32\bcryptprimitives.dll
0x00007ffbe1000000 - 0x00007ffbe100c000 	C:\WINDOWS\SYSTEM32\CRYPTBASE.dll
0x00007ffbd6a40000 - 0x00007ffbd6a57000 	C:\WINDOWS\SYSTEM32\dhcpcsvc6.DLL
0x00007ffbd7ac0000 - 0x00007ffbd7add000 	C:\WINDOWS\SYSTEM32\dhcpcsvc.DLL
0x00007ffbd8830000 - 0x00007ffbd8a14000 	C:\WINDOWS\SYSTEM32\dbghelp.dll

VM Arguments:
jvm_args: -agentlib:jdwp=transport=dt_socket,suspend=y,address=localhost:52522 -Dcom.sun.management.jmxremote -Dcom.sun.management.jmxremote.port=52521 -Dcom.sun.management.jmxremote.authenticate=false -Dcom.sun.management.jmxremote.ssl=false -Djava.rmi.server.hostname=localhost -Dspring.jmx.enabled=true -Dspring.liveBeansView.mbeanDomain -Dspring.application.admin.enabled=true -Xverify:none -XX:TieredStopAtLevel=1 -Dspring.boot.project.name=tasks01 -javaagent:C:\Users\kangji\eclipse\jee-2019-12\eclipse\configuration\org.eclipse.osgi\411\0\.cp\lib\javaagent-shaded.jar -Dfile.encoding=UTF-8 
java_command: com.tasks.demo.Tasks01Application
java_class_path (initial): D:\workspace\tasks01\target\classes;C:\Users\kangji\.p2\pool\plugins\org.junit_4.12.0.v201504281640\junit.jar;C:\Users\kangji\.p2\pool\plugins\org.hamcrest.core_1.3.0.v20180420-1519.jar;C:\Users\kangji\.m2\repository\org\springframework\boot\spring-boot-starter-web\2.4.4\spring-boot-starter-web-2.4.4.jar;C:\Users\kangji\.m2\repository\org\springframework\boot\spring-boot-starter\2.4.4\spring-boot-starter-2.4.4.jar;C:\Users\kangji\.m2\repository\org\springframework\boot\spring-boot\2.4.4\spring-boot-2.4.4.jar;C:\Users\kangji\.m2\repository\org\springframework\boot\spring-boot-autoconfigure\2.4.4\spring-boot-autoconfigure-2.4.4.jar;C:\Users\kangji\.m2\repository\org\springframework\boot\spring-boot-starter-logging\2.4.4\spring-boot-starter-logging-2.4.4.jar;C:\Users\kangji\.m2\repository\ch\qos\logback\logback-classic\1.2.3\logback-classic-1.2.3.jar;C:\Users\kangji\.m2\repository\ch\qos\logback\logback-core\1.2.3\logback-core-1.2.3.jar;C:\Users\kangji\.m2\repository\org\apache\logging\log4j\log4j-to-slf4j\2.13.3\log4j-to-slf4j-2.13.3.jar;C:\Users\kangji\.m2\repository\org\apache\logging\log4j\log4j-api\2.13.3\log4j-api-2.13.3.jar;C:\Users\kangji\.m2\repository\org\slf4j\jul-to-slf4j\1.7.30\jul-to-slf4j-1.7.30.jar;C:\Users\kangji\.m2\repository\jakarta\annotation\jakarta.annotation-api\1.3.5\jakarta.annotation-api-1.3.5.jar;C:\Users\kangji\.m2\repository\org\yaml\snakeyaml\1.27\snakeyaml-1.27.jar;C:\Users\kangji\.m2\repository\org\springframework\boot\spring-boot-starter-json\2.4.4\spring-boot-starter-json-2.4.4.jar;C:\Users\kangji\.m2\repository\com\fasterxml\jackson\core\jackson-databind\2.11.4\jackson-databind-2.11.4.jar;C:\Users\kangji\.m2\repository\com\fasterxml\jackson\core\jackson-annotations\2.11.4\jackson-annotations-2.11.4.jar;C:\Users\kangji\.m2\repository\com\fasterxml\jackson\core\jackson-core\2.11.4\jackson-core-2.11.4.jar;C:\Users\kangji\.m2\repository\com\fasterxml\jackson\datatype\jackson-datatype-jdk8\2.11.4\jackson-datat
Launcher Type: SUN_STANDARD

Environment Variables:
PATH=C:/Program Files/Java/jre1.8.0_241/bin/server;C:/Program Files/Java/jre1.8.0_241/bin;C:/Program Files/Java/jre1.8.0_241/lib/amd64;C:\Program Files (x86)\Common Files\Oracle\Java\javapath;C:\Program Files (x86)\Intel\iCLS Client\;C:\Program Files\Intel\iCLS Client\;C:\WINDOWS\system32;C:\WINDOWS;C:\WINDOWS\System32\Wbem;C:\WINDOWS\System32\WindowsPowerShell\v1.0\;C:\Program Files (x86)\Intel\Intel(R) Management Engine Components\DAL;C:\Program Files\Intel\Intel(R) Management Engine Components\DAL;C:\Program Files (x86)\Intel\Intel(R) Management Engine Components\IPT;C:\Program Files\Intel\Intel(R) Management Engine Components\IPT;C:\WINDOWS\System32\OpenSSH\;C:\Program Files (x86)\NetSarang\Xshell 7\;C:\Users\kangji\AppData\Local\Microsoft\WindowsApps;;C:\Users\kangji\Desktop;
USERNAME=kangji
OS=Windows_NT
PROCESSOR_IDENTIFIER=Intel64 Family 6 Model 142 Stepping 9, GenuineIntel



---------------  S Y S T E M  ---------------

OS: Windows 10.0 , 64 bit Build 19041 (10.0.19041.804)

CPU:total 4 (initial active 4) (2 cores per cpu, 2 threads per core) family 6 model 142 stepping 9, cmov, cx8, fxsr, mmx, sse, sse2, sse3, ssse3, sse4.1, sse4.2, popcnt, avx, avx2, aes, clmul, erms, 3dnowpref, lzcnt, ht, tsc, tscinvbit, bmi1, bmi2, adx

Memory: 4k page, physical 4078668k(548028k free), swap 10514376k(1789572k free)

vm_info: Java HotSpot(TM) 64-Bit Server VM (25.171-b11) for windows-amd64 JRE (1.8.0_171-b11), built on Mar 28 2018 16:06:12 by "java_re" with MS VC++ 10.0 (VS2010)

time: Mon Mar 22 05:57:38 2021
elapsed time: 847 seconds (0d 0h 14m 7s)

